<?xml version="1.0" encoding="UTF-8"?>
<!-- Generated by org.testng.reporters.JUnitReportReporter -->
<testsuite hostname="vivobook-asuslaptop-x512flc-x512fl" failures="0" tests="8" name="Sanitytesting.CellanotationUI.Cell" time="104.216" errors="0" timestamp="2023-09-25T18:03:28 IST" skipped="0">
  <testcase classname="Sanitytesting.CellanotationUI.Cell" name="login" time="23.344"/>
  <system-out/>
  <testcase classname="Sanitytesting.CellanotationUI.Cell" name="sectionselect" time="9.767"/>
  <system-out/>
  <testcase classname="Sanitytesting.CellanotationUI.Cell" name="cellannotation" time="17.960"/>
  <system-out/>
  <testcase classname="Sanitytesting.CellanotationUI.Cell" name="celldetection" time="11.146"/>
  <system-out/>
  <testcase classname="Sanitytesting.CellanotationUI.Cell" name="centroidDetection" time="11.146"/>
  <system-out/>
  <testcase classname="Sanitytesting.CellanotationUI.Cell" name="Rabies" time="11.798"/>
  <system-out/>
  <testcase classname="Sanitytesting.CellanotationUI.Cell" name="Annotation" time="9.169"/>
  <system-out/>
  <testcase classname="Sanitytesting.CellanotationUI.Cell" name="save" time="9.886"/>
  <system-out/>
</testsuite> <!-- Sanitytesting.CellanotationUI.Cell -->
