<?xml version="1.0" encoding="UTF-8"?>
<!-- Generated by org.testng.reporters.JUnitReportReporter -->
<testsuite hostname="vivobook-asuslaptop-x512flc-x512fl" failures="0" tests="8" name="Sanitytesting.CellanotationUI.Cell" time="103.877" errors="0" timestamp="2023-09-25T13:07:17 IST" skipped="0">
  <testcase classname="Sanitytesting.CellanotationUI.Cell" name="login" time="26.357"/>
  <system-out/>
  <testcase classname="Sanitytesting.CellanotationUI.Cell" name="sectionselect" time="10.096"/>
  <system-out/>
  <testcase classname="Sanitytesting.CellanotationUI.Cell" name="cellannotation" time="15.346"/>
  <system-out/>
  <testcase classname="Sanitytesting.CellanotationUI.Cell" name="celldetection" time="11.768"/>
  <system-out/>
  <testcase classname="Sanitytesting.CellanotationUI.Cell" name="centroidDetection" time="11.162"/>
  <system-out/>
  <testcase classname="Sanitytesting.CellanotationUI.Cell" name="Rabies" time="11.779"/>
  <system-out/>
  <testcase classname="Sanitytesting.CellanotationUI.Cell" name="Annotation" time="9.158"/>
  <system-out/>
  <testcase classname="Sanitytesting.CellanotationUI.Cell" name="save" time="8.211"/>
  <system-out/>
</testsuite> <!-- Sanitytesting.CellanotationUI.Cell -->
